<?xml version="1.0" encoding="UTF-8"?>
<robot generator="Robot 7.1 (Python 3.8.10 on linux)" generated="2024-10-05T16:37:34.163072" rpa="false" schemaversion="5">
<suite id="s1" name="Chrome Test" source="/home/dmitri/robot_frameworks/robot_frameworks_b/chrome_test.robot">
<test id="s1-t1" name="Valid Login" line="7">
<kw name="Open Browser" owner="SeleniumLibrary">
<msg time="2024-10-05T16:37:34.411375" level="INFO">Opening browser 'chrome' to base url 'https://google.fr'.</msg>
<arg>https://google.fr</arg>
<arg>chrome</arg>
<doc>Opens a new browser instance to the optional ``url``.</doc>
<status status="PASS" start="2024-10-05T16:37:34.410831" elapsed="41.100537"/>
</kw>
<status status="PASS" start="2024-10-05T16:37:34.408057" elapsed="41.104425"/>
</test>
<doc>Simple example using SeleniumLibrary.</doc>
<status status="PASS" start="2024-10-05T16:37:34.164868" elapsed="41.349162"/>
</suite>
<statistics>
<total>
<stat pass="1" fail="0" skip="0">All Tests</stat>
</total>
<tag>
</tag>
<suite>
<stat pass="1" fail="0" skip="0" id="s1" name="Chrome Test">Chrome Test</stat>
</suite>
</statistics>
<errors>
</errors>
</robot>
